<?xml version="1.0" encoding="UTF-8"?>
<!-- Generated by org.testng.reporters.JUnitXMLReporter -->
<testsuite ignored="0" hostname="LAPTOP-IUU7FKRC" failures="0" tests="4" name="Test" time="18.488" errors="0" timestamp="09 Sep 2022 07:57:28 GMT">
  <testcase classname="TestCase.TestCase" name="searchHotel" time="1.519"/>
  <testcase classname="TestCase.TestCase" name="selectHotel" time="1.056"/>
  <testcase classname="TestCase.TestCase" name="bookAHotel" time="1.639"/>
  <testcase classname="TestCase.TestCase" name="printOrderNo" time="7.035"/>
</testsuite> <!-- Test -->
